Using pre-set license
Built from '2021.1/staging' branch; Version is '2021.1.11f1 (4d8c25f7477e) revision 5082149'; Using compiler version '192528614'; Build Type 'Release'
OS: 'Windows 10 Pro; OS build 19042.1083; Version 2009; 64bit' Language: 'ru' Physical Memory: 16326 MB
BatchMode: 1, IsHumanControllingUs: 0, StartBugReporterOnCrash: 0, Is64bit: 1, IsPro: 0

 COMMAND LINE ARGUMENTS:
C:\Program Files\Unity\Hub\Editor\2021.1.11f1\Editor\Unity.exe
-adb2
-batchMode
-noUpm
-name
AssetImportWorker0
-projectPath
C:/Users/Данил/Desktop/Tover-Defense-main/Tower Defence
-logFile
Logs/AssetImportWorker0.log
-srvPort
50492
Successfully changed project path to: C:/Users/Данил/Desktop/Tover-Defense-main/Tower Defence
C:/Users/Данил/Desktop/Tover-Defense-main/Tower Defence
Using Asset Import Pipeline V2.
Refreshing native plugins compatible for Editor in 93.77 ms, found 4 plugins.
Preloading 0 native plugins for Editor in 0.00 ms.
Initialize engine version: 2021.1.11f1 (4d8c25f7477e)
[Subsystems] Discovering subsystems at path C:/Program Files/Unity/Hub/Editor/2021.1.11f1/Editor/Data/Resources/UnitySubsystems
[Subsystems] Discovering subsystems at path C:/Users/Данил/Desktop/Tover-Defense-main/Tower Defence/Assets
GfxDevice: creating device client; threaded=0; jobified=0
Direct3D:
    Version:  Direct3D 11.0 [level 11.1]
    Renderer: NVIDIA GeForce RTX 2070 (ID=0x1f02)
    Vendor:   NVIDIA
    VRAM:     8031 MB
    Driver:   27.21.14.5671
Initialize mono
Mono path[0] = 'C:/Program Files/Unity/Hub/Editor/2021.1.11f1/Editor/Data/Managed'
Mono path[1] = 'C:/Program Files/Unity/Hub/Editor/2021.1.11f1/Editor/Data/MonoBleedingEdge/lib/mono/unityjit'
Mono config path = 'C:/Program Files/Unity/Hub/Editor/2021.1.11f1/Editor/Data/MonoBleedingEdge/etc'
Using monoOptions --debugger-agent=transport=dt_socket,embedding=1,server=y,suspend=n,address=127.0.0.1:56804
Begin MonoManager ReloadAssembly
Registering precompiled unity dll's ...
Register platform support module: C:/Program Files/Unity/Hub/Editor/2021.1.11f1/Editor/Data/PlaybackEngines/WindowsStandaloneSupport/UnityEditor.WindowsStandalone.Extensions.dll
Registered in 0.001729 seconds.
Native extension for WindowsStandalone target not found
Refreshing native plugins compatible for Editor in 92.62 ms, found 4 plugins.
Preloading 0 native plugins for Editor in 0.00 ms.
Mono: successfully reloaded assembly
- Completed reload, in  1.096 seconds
Domain Reload Profiling:
	ReloadAssembly (1096ms)
		BeginReloadAssembly (48ms)
			ExecutionOrderSort (0ms)
			DisableScriptedObjects (0ms)
			BackupInstance (0ms)
			ReleaseScriptingObjects (0ms)
			CreateAndSetChildDomain (1ms)
		EndReloadAssembly (429ms)
			LoadAssemblies (46ms)
			RebuildTransferFunctionScriptingTraits (0ms)
			SetupTypeCache (148ms)
			ReleaseScriptCaches (0ms)
			RebuildScriptCaches (27ms)
			SetupLoadedEditorAssemblies (212ms)
				LogAssemblyErrors (0ms)
				InitializePlatformSupportModulesInManaged (5ms)
				SetLoadedEditorAssemblies (0ms)
				RefreshPlugins (93ms)
				BeforeProcessingInitializeOnLoad (1ms)
				ProcessInitializeOnLoadAttributes (86ms)
				ProcessInitializeOnLoadMethodAttributes (26ms)
				AfterProcessingInitializeOnLoad (0ms)
				EditorAssembliesLoaded (0ms)
			ExecutionOrderSort2 (0ms)
			AwakeInstancesAfterBackupRestoration (0ms)
Platform modules already initialized, skipping
Registering precompiled user dll's ...
Registered in 0.005875 seconds.
Begin MonoManager ReloadAssembly
Symbol file LoadedFromMemory doesn't match image C:\Users\Данил\Desktop\Tover-Defense-main\Tower Defence\Library\PackageCache\com.unity.visualscripting@1.6.1\Editor\VisualScripting.Core\Dependencies\YamlDotNet\Unity.VisualScripting.YamlDotNet.dll
Symbol file LoadedFromMemory doesn't match image C:\Users\Данил\Desktop\Tover-Defense-main\Tower Defence\Library\PackageCache\com.unity.visualscripting@1.6.1\Editor\VisualScripting.Core\Dependencies\DotNetZip\Unity.VisualScripting.IonicZip.dll
Native extension for WindowsStandalone target not found
Refreshing native plugins compatible for Editor in 91.14 ms, found 4 plugins.
Preloading 0 native plugins for Editor in 0.00 ms.
Mono: successfully reloaded assembly
- Completed reload, in  1.152 seconds
Domain Reload Profiling:
	ReloadAssembly (1153ms)
		BeginReloadAssembly (135ms)
			ExecutionOrderSort (0ms)
			DisableScriptedObjects (4ms)
			BackupInstance (0ms)
			ReleaseScriptingObjects (0ms)
			CreateAndSetChildDomain (17ms)
		EndReloadAssembly (962ms)
			LoadAssemblies (86ms)
			RebuildTransferFunctionScriptingTraits (0ms)
			SetupTypeCache (331ms)
			ReleaseScriptCaches (1ms)
			RebuildScriptCaches (48ms)
			SetupLoadedEditorAssemblies (407ms)
				LogAssemblyErrors (0ms)
				InitializePlatformSupportModulesInManaged (4ms)
				SetLoadedEditorAssemblies (0ms)
				RefreshPlugins (91ms)
				BeforeProcessingInitializeOnLoad (82ms)
				ProcessInitializeOnLoadAttributes (209ms)
				ProcessInitializeOnLoadMethodAttributes (15ms)
				AfterProcessingInitializeOnLoad (6ms)
				EditorAssembliesLoaded (0ms)
			ExecutionOrderSort2 (0ms)
			AwakeInstancesAfterBackupRestoration (6ms)
Platform modules already initialized, skipping
========================================================================
Worker process is ready to serve import requests
Launched and connected shader compiler UnityShaderCompiler.exe after 0.04 seconds
Refreshing native plugins compatible for Editor in 0.64 ms, found 4 plugins.
Preloading 0 native plugins for Editor in 0.00 ms.
Unloading 3679 Unused Serialized files (Serialized files now loaded: 0)
System memory in use before: 136.5 MB.
System memory in use after: 136.6 MB.

Unloading 37 unused Assets to reduce memory usage. Loaded Objects now: 4125.
Total: 2.706800 ms (FindLiveObjects: 0.324700 ms CreateObjectMapping: 0.267200 ms MarkObjects: 2.009000 ms  DeleteObjects: 0.104900 ms)

AssetImportParameters requested are different than current active one (requested -> active):
  custom:framework-win-MediaFoundation: 216162199b28c13a410421893ffa2e32 -> 
  custom:video-decoder-ogg-theora: a1e56fd34408186e4bbccfd4996cb3dc -> 
  custom:container-muxer-webm: aa71ff27fc2769a1b78a27578f13a17b -> 
  custom:container-demuxer-webm: 4f35f7cbe854078d1ac9338744f61a02 -> 
  custom:container-demuxer-ogg: 62fdf1f143b41e24485cea50d1cbac27 -> 
  custom:video-encoder-webm-vp8: eb34c28f22e8b96e1ab97ce403110664 -> 
  custom:video-decoder-webm-vp8: 9c59270c3fd7afecdb556c50c9e8de78 -> 
  custom:audio-decoder-ogg-vorbis: bf7c407c2cedff20999df2af8eb42d56 -> 
  custom:audio-encoder-webm-vorbis: bf7c407c2cedff20999df2af8eb42d56 -> 
========================================================================
Received Import Request.
  path: Assets/Scripts/Bullets/DefaultBullet.cs
  artifactKey: Guid(559c32329071e0040926564847c05f5f) Importer(815301076,1909f56bfc062723c751e8b465ee728b)
Start importing Assets/Scripts/Bullets/DefaultBullet.cs using Guid(559c32329071e0040926564847c05f5f) Importer(815301076,1909f56bfc062723c751e8b465ee728b)  -> (artifact id: 'b86ab3027a3195200b25b11a4868f883') in 0.029002 seconds 
========================================================================
Received Import Request.
  Time since last request: 0.430826 seconds.
  path: Assets/Scripts/Bullets/IBullet.cs
  artifactKey: Guid(37478bb786eb13843bcb96e9b814a570) Importer(815301076,1909f56bfc062723c751e8b465ee728b)
Start importing Assets/Scripts/Bullets/IBullet.cs using Guid(37478bb786eb13843bcb96e9b814a570) Importer(815301076,1909f56bfc062723c751e8b465ee728b)  -> (artifact id: 'ac0d8ec0c031acdaf544026cb765fb5b') in 0.006167 seconds 
========================================================================
Received Import Request.
  Time since last request: 3.457881 seconds.
  path: Assets/Scripts/Enemy/MovementEnemy/IDirection.cs
  artifactKey: Guid(85fff0e556b9b104fa638a21927e66e2) Importer(815301076,1909f56bfc062723c751e8b465ee728b)
Start importing Assets/Scripts/Enemy/MovementEnemy/IDirection.cs using Guid(85fff0e556b9b104fa638a21927e66e2) Importer(815301076,1909f56bfc062723c751e8b465ee728b)  -> (artifact id: 'fb2d532a6ede13e19189777b4b364f17') in 0.008315 seconds 
========================================================================
Received Import Request.
  Time since last request: 1.135130 seconds.
  path: Assets/Scripts/Enemy/MovementEnemy/MoveEnemy.cs
  artifactKey: Guid(2a67ce9e3b4fc094c887f52e4f72eebc) Importer(815301076,1909f56bfc062723c751e8b465ee728b)
Start importing Assets/Scripts/Enemy/MovementEnemy/MoveEnemy.cs using Guid(2a67ce9e3b4fc094c887f52e4f72eebc) Importer(815301076,1909f56bfc062723c751e8b465ee728b)  -> (artifact id: 'ac2bc2942981d61b9c5f8431fbbd4ed6') in 0.006937 seconds 
========================================================================
Received Import Request.
  Time since last request: 2.832145 seconds.
  path: Assets/Scripts/Player/HealthPoint.cs
  artifactKey: Guid(e3c52dc58f30b814984af69bd911e6a8) Importer(815301076,1909f56bfc062723c751e8b465ee728b)
Start importing Assets/Scripts/Player/HealthPoint.cs using Guid(e3c52dc58f30b814984af69bd911e6a8) Importer(815301076,1909f56bfc062723c751e8b465ee728b)  -> (artifact id: 'b7af170132d9146e1ac8912d7c05d6d9') in 0.005412 seconds 
========================================================================
Received Import Request.
  Time since last request: 6.139874 seconds.
  path: Assets/Scripts/Road/ChangerDirection/ChangerDirectionRoad.cs
  artifactKey: Guid(77a092f55b1c93745bd4d24036fc9ea6) Importer(815301076,1909f56bfc062723c751e8b465ee728b)
Start importing Assets/Scripts/Road/ChangerDirection/ChangerDirectionRoad.cs using Guid(77a092f55b1c93745bd4d24036fc9ea6) Importer(815301076,1909f56bfc062723c751e8b465ee728b)  -> (artifact id: '7d827a7fca806053bff377f134ac6eb8') in 0.006122 seconds 
========================================================================
Received Import Request.
  Time since last request: 2.223050 seconds.
  path: Assets/Scripts/Road/SpawnBots/SpawnBot.cs
  artifactKey: Guid(6a6da260ff84bc94bb5bd5e7ae5a6a51) Importer(815301076,1909f56bfc062723c751e8b465ee728b)
Start importing Assets/Scripts/Road/SpawnBots/SpawnBot.cs using Guid(6a6da260ff84bc94bb5bd5e7ae5a6a51) Importer(815301076,1909f56bfc062723c751e8b465ee728b)  -> (artifact id: 'c3e22282018c47634ec657a0b2588d70') in 0.006303 seconds 
